[0m[[0m[0mdebug[0m] [0m[0m> Exec(run, Some(762b6d49-cdf2-446b-9112-0ae21ec17c1c), Some(CommandSource(console0)))[0m
[0m[[0m[0mdebug[0m] [0m[0mEvaluating tasks: Compile / run[0m
[0m[[0m[0mdebug[0m] [0m[0mRunning task... Cancel: Signal, check cycles: false, forcegc: true[0m
[0m[[0m[0minfo[0m] [0m[0mcompiling 1 Scala source to /home/mati/homelab/Scala/laby12/target/scala-3.3.1/classes ...[0m
[0m[[0m[31merror[0m] [0m[0m[31m[31m-- [E100] Syntax Error: /home/mati/homelab/Scala/laby12/src/main/scala/Zad1.scala:29:8 [0m[0m[0m
[0m[[0m[31merror[0m] [0m[0m[31m29 |[0m        sender ! Execute(text.head)[0m
[0m[[0m[31merror[0m] [0m[0m[31m[31m   |[0m        ^^^^^^[0m[0m
[0m[[0m[31merror[0m] [0m[0m[31m   |[0m        [33mmethod[0m [35msender[0m in [33mtrait[0m [35mActor[0m must be called with () argument[0m
[0m[[0m[31merror[0m] [0m[0m[31m   |----------------------------------------------------------------------------[0m[0m
[0m[[0m[31merror[0m] [0m[0m[31m   |[0m Explanation (enabled by `-explain`)[0m
[0m[[0m[31merror[0m] [0m[0m[31m   |- - - - - - - - - - - - - - - - - - - - - - - - - - - - - - - - - - - - - -[0m[0m
[0m[[0m[31merror[0m] [0m[0m[31m   |[0m Previously an empty argument list () was implicitly inserted when calling a nullary method without arguments. E.g.[0m
[0m[[0m[31merror[0m] [0m[0m[31m   |[0m[0m
[0m[[0m[31merror[0m] [0m[0m[31m   |[0m def next(): T = ...[0m
[0m[[0m[31merror[0m] [0m[0m[31m   |[0m         |next     // is expanded to next()[0m
[0m[[0m[31merror[0m] [0m[0m[31m   |[0m[0m
[0m[[0m[31merror[0m] [0m[0m[31m   |[0m In Dotty, this idiom is an error. The application syntax has to follow exactly the parameter syntax.[0m
[0m[[0m[31merror[0m] [0m[0m[31m   |[0m Excluded from this rule are methods that are defined in Java or that override methods defined in Java.[0m
[0m[[0m[31merror[0m] [0m[0m[31m    ----------------------------------------------------------------------------[0m[0m
[0m[[0m[31merror[0m] [0m[0m[34mExplanation[0m[0m
[0m[[0m[31merror[0m] [0m[0m[34m===========[0m[0m
[0m[[0m[31merror[0m] [0m[0mPreviously an empty argument list () was implicitly inserted when calling a nullary method without arguments. E.g.[0m
[0m[[0m[31merror[0m] [0m[0m[0m
[0m[[0m[31merror[0m] [0m[0mdef next(): T = ...[0m
[0m[[0m[31merror[0m] [0m[0m        |next     // is expanded to next()[0m
[0m[[0m[31merror[0m] [0m[0m[0m
[0m[[0m[31merror[0m] [0m[0mIn Dotty, this idiom is an error. The application syntax has to follow exactly the parameter syntax.[0m
[0m[[0m[31merror[0m] [0m[0mExcluded from this rule are methods that are defined in Java or that override methods defined in Java.[0m
[0m[[0m[31merror[0m] [0m[0m[31m[31m-- [E100] Syntax Error: /home/mati/homelab/Scala/laby12/src/main/scala/Zad1.scala:41:6 [0m[0m[0m
[0m[[0m[31merror[0m] [0m[0m[31m41 |[0m      sender ! Result(count)[0m
[0m[[0m[31merror[0m] [0m[0m[31m[31m   |[0m      ^^^^^^[0m[0m
[0m[[0m[31merror[0m] [0m[0m[31m   |[0m      [33mmethod[0m [35msender[0m in [33mtrait[0m [35mActor[0m must be called with () argument[0m
[0m[[0m[31merror[0m] [0m[0m[31m   |----------------------------------------------------------------------------[0m[0m
[0m[[0m[31merror[0m] [0m[0m[31m   |[0m Explanation (enabled by `-explain`)[0m
[0m[[0m[31merror[0m] [0m[0m[31m   |- - - - - - - - - - - - - - - - - - - - - - - - - - - - - - - - - - - - - -[0m[0m
[0m[[0m[31merror[0m] [0m[0m[31m   |[0m Previously an empty argument list () was implicitly inserted when calling a nullary method without arguments. E.g.[0m
[0m[[0m[31merror[0m] [0m[0m[31m   |[0m[0m
[0m[[0m[31merror[0m] [0m[0m[31m   |[0m def next(): T = ...[0m
[0m[[0m[31merror[0m] [0m[0m[31m   |[0m         |next     // is expanded to next()[0m
[0m[[0m[31merror[0m] [0m[0m[31m   |[0m[0m
[0m[[0m[31merror[0m] [0m[0m[31m   |[0m In Dotty, this idiom is an error. The application syntax has to follow exactly the parameter syntax.[0m
[0m[[0m[31merror[0m] [0m[0m[31m   |[0m Excluded from this rule are methods that are defined in Java or that override methods defined in Java.[0m
[0m[[0m[31merror[0m] [0m[0m[31m    ----------------------------------------------------------------------------[0m[0m
[0m[[0m[31merror[0m] [0m[0m[34mExplanation[0m[0m
[0m[[0m[31merror[0m] [0m[0m[34m===========[0m[0m
[0m[[0m[31merror[0m] [0m[0mPreviously an empty argument list () was implicitly inserted when calling a nullary method without arguments. E.g.[0m
[0m[[0m[31merror[0m] [0m[0m[0m
[0m[[0m[31merror[0m] [0m[0mdef next(): T = ...[0m
[0m[[0m[31merror[0m] [0m[0m        |next     // is expanded to next()[0m
[0m[[0m[31merror[0m] [0m[0m[0m
[0m[[0m[31merror[0m] [0m[0mIn Dotty, this idiom is an error. The application syntax has to follow exactly the parameter syntax.[0m
[0m[[0m[31merror[0m] [0m[0mExcluded from this rule are methods that are defined in Java or that override methods defined in Java.[0m
[0m[[0m[31merror[0m] [0m[0mtwo errors found[0m
[0m[[0m[31merror[0m] [0m[0m(Compile / [31mcompileIncremental[0m) Compilation failed[0m
[0m[[0m[31merror[0m] [0m[0mTotal time: 1 s, completed Dec 20, 2024, 11:46:01 AM[0m
[0m[[0m[0mdebug[0m] [0m[0m> Exec(shell, None, None)[0m
[0m[[0m[0minfo[0m] [0m[0mshutting down sbt server[0m
