[0m[[0m[0mdebug[0m] [0m[0m> Exec(run, Some(fb865bf0-6af5-4d44-9c4b-4280f0fc8b22), Some(CommandSource(console0)))[0m
[0m[[0m[0mdebug[0m] [0m[0mEvaluating tasks: Compile / run[0m
[0m[[0m[0mdebug[0m] [0m[0mRunning task... Cancel: Signal, check cycles: false, forcegc: true[0m
[0m[[0m[0minfo[0m] [0m[0mcompiling 1 Scala source to /home/mati/homelab/Scala/laby12/target/scala-3.3.1/classes ...[0m
[0m[[0m[31merror[0m] [0m[0m[31m[31m-- [E007] Type Mismatch Error: /home/mati/homelab/Scala/laby12/src/main/scala/Zad1.scala:13:32 [0m[0m[0m
[0m[[0m[31merror[0m] [0m[0m[31m13 |[0m      context.become(receiveJob(workers))[0m
[0m[[0m[31merror[0m] [0m[0m[31m[31m   |[0m                                ^^^^^^^[0m[0m
[0m[[0m[31merror[0m] [0m[0m[31m   |[0m       Found:    (workers : IndexedSeq[org.apache.pekko.actor.ActorRef])[0m
[0m[[0m[31merror[0m] [0m[0m[31m   |[0m       Required: List[Worker][0m
[0m[[0m[31merror[0m] [0m[0m[31m   |----------------------------------------------------------------------------[0m[0m
[0m[[0m[31merror[0m] [0m[0m[31m   |[0m Explanation (enabled by `-explain`)[0m
[0m[[0m[31merror[0m] [0m[0m[31m   |- - - - - - - - - - - - - - - - - - - - - - - - - - - - - - - - - - - - - -[0m[0m
[0m[[0m[31merror[0m] [0m[0m[31m   |[0m[0m
[0m[[0m[31merror[0m] [0m[0m[31m   |[0m Tree:    13|workers[0m
[0m[[0m[31merror[0m] [0m[0m[31m   |[0m I tried to show that[0m
[0m[[0m[31merror[0m] [0m[0m[31m   |[0m   (workers : IndexedSeq[org.apache.pekko.actor.ActorRef])[0m
[0m[[0m[31merror[0m] [0m[0m[31m   |[0m conforms to[0m
[0m[[0m[31merror[0m] [0m[0m[31m   |[0m   List[Worker][0m
[0m[[0m[31merror[0m] [0m[0m[31m   |[0m but the comparison trace ended with `false`:[0m
[0m[[0m[31merror[0m] [0m[0m[31m   |[0m[0m
[0m[[0m[31merror[0m] [0m[0m[31m   |[0m   ==> (workers : IndexedSeq[org.apache.pekko.actor.ActorRef])  <:  List[Worker][0m
[0m[[0m[31merror[0m] [0m[0m[31m   |[0m     ==> IndexedSeq[org.apache.pekko.actor.ActorRef]  <:  List[Worker] (left is approximated)[0m
[0m[[0m[31merror[0m] [0m[0m[31m   |[0m     <== IndexedSeq[org.apache.pekko.actor.ActorRef]  <:  List[Worker] (left is approximated) = false[0m
[0m[[0m[31merror[0m] [0m[0m[31m   |[0m   <== (workers : IndexedSeq[org.apache.pekko.actor.ActorRef])  <:  List[Worker] = false[0m
[0m[[0m[31merror[0m] [0m[0m[31m   |[0m[0m
[0m[[0m[31merror[0m] [0m[0m[31m   |[0m The tests were made under the empty constraint[0m
[0m[[0m[31merror[0m] [0m[0m[31m    ----------------------------------------------------------------------------[0m[0m
[0m[[0m[31merror[0m] [0m[0m[34mExplanation[0m[0m
[0m[[0m[31merror[0m] [0m[0m[34m===========[0m[0m
[0m[[0m[31merror[0m] [0m[0m[0m
[0m[[0m[31merror[0m] [0m[0mTree:    13|workers[0m
[0m[[0m[31merror[0m] [0m[0mI tried to show that[0m
[0m[[0m[31merror[0m] [0m[0m  (workers : IndexedSeq[org.apache.pekko.actor.ActorRef])[0m
[0m[[0m[31merror[0m] [0m[0mconforms to[0m
[0m[[0m[31merror[0m] [0m[0m  List[Worker][0m
[0m[[0m[31merror[0m] [0m[0mbut the comparison trace ended with `false`:[0m
[0m[[0m[31merror[0m] [0m[0m[0m
[0m[[0m[31merror[0m] [0m[0m  ==> (workers : IndexedSeq[org.apache.pekko.actor.ActorRef])  <:  List[Worker][0m
[0m[[0m[31merror[0m] [0m[0m    ==> IndexedSeq[org.apache.pekko.actor.ActorRef]  <:  List[Worker] (left is approximated)[0m
[0m[[0m[31merror[0m] [0m[0m    <== IndexedSeq[org.apache.pekko.actor.ActorRef]  <:  List[Worker] (left is approximated) = false[0m
[0m[[0m[31merror[0m] [0m[0m  <== (workers : IndexedSeq[org.apache.pekko.actor.ActorRef])  <:  List[Worker] = false[0m
[0m[[0m[31merror[0m] [0m[0m[0m
[0m[[0m[31merror[0m] [0m[0mThe tests were made under the empty constraint[0m
[0m[[0m[31merror[0m] [0m[0m[31m[31m-- [E008] Not Found Error: /home/mati/homelab/Scala/laby12/src/main/scala/Zad1.scala:19:60 [0m[0m[0m
[0m[[0m[31merror[0m] [0m[0m[31m19 |[0m      workers.zip(text).foreach{ [33mcase[0m (worker, t) => worker ! Execute(t) }[0m
[0m[[0m[31merror[0m] [0m[0m[31m[31m   |[0m                                                     ^^^^^^^^[0m[0m
[0m[[0m[31merror[0m] [0m[0m[31m   |[0m                                       value ! is not a member of Worker[0m
[0m[[0m[31merror[0m] [0m[0mtwo errors found[0m
[0m[[0m[31merror[0m] [0m[0m(Compile / [31mcompileIncremental[0m) Compilation failed[0m
[0m[[0m[31merror[0m] [0m[0mTotal time: 2 s, completed Dec 20, 2024, 11:29:01 AM[0m
[0m[[0m[0mdebug[0m] [0m[0m> Exec(shell, None, None)[0m
[0m[[0m[0minfo[0m] [0m[0mshutting down sbt server[0m
