2025.01.31 22:13:16 INFO  Started: Metals version 1.5.1 in folders '/home/mati/homelab/Scala' for client Visual Studio Code 1.96.4.[0m
2025.01.31 22:13:17 INFO  no build target found for /home/mati/homelab/Scala/szkielet/src/main/scala/zad1.scala. Using presentation compiler with project's scala-library version: 3.3.4[0m
2025.01.31 22:13:17 INFO  Attempting to connect to the build server...[0m
2025.01.31 22:13:17 INFO  No running Bloop server found, starting one.[0m
2025.01.31 22:13:18 INFO  Starting compilation server[0m
2025.01.31 22:13:18 INFO  no build target found for /home/mati/homelab/Scala/szkielet/src/main/scala/zad1.scala. Using presentation compiler with project's scala-library version: 3.3.4[0m
2025.01.31 22:13:18 INFO  no build target found for /home/mati/homelab/Scala/szkielet/src/main/scala/zad1.scala. Using presentation compiler with project's scala-library version: 3.3.4[0m
2025.01.31 22:13:18 INFO  no build target found for /home/mati/homelab/Scala/szkielet/src/main/scala/zad1.scala. Using presentation compiler with project's scala-library version: 3.3.4[0m
2025.01.31 22:13:18 INFO  no build target found for /home/mati/homelab/Scala/szkielet/src/main/scala/zad1.scala. Using presentation compiler with project's scala-library version: 3.3.4[0m
Jan 31, 2025 10:13:18 PM org.eclipse.lsp4j.jsonrpc.RemoteEndpoint handleCancellation
WARNING: Unmatched cancel notification for request id 8
Jan 31, 2025 10:13:19 PM org.eclipse.lsp4j.jsonrpc.RemoteEndpoint handleCancellation
WARNING: Unmatched cancel notification for request id 9
2025.01.31 22:13:18 INFO  no build target found for /home/mati/homelab/Scala/szkielet/src/main/scala/zad1.scala. Using presentation compiler with project's scala-library version: 3.3.4[0m
Jan 31, 2025 10:13:19 PM org.eclipse.lsp4j.jsonrpc.RemoteEndpoint handleCancellation
WARNING: Unmatched cancel notification for request id 10
Jan 31, 2025 10:13:19 PM org.eclipse.lsp4j.jsonrpc.RemoteEndpoint handleCancellation
WARNING: Unmatched cancel notification for request id 3
2025.01.31 22:13:18 INFO  no build target found for /home/mati/homelab/Scala/szkielet/src/main/scala/zad1.scala. Using presentation compiler with project's scala-library version: 3.3.4[0m
2025.01.31 22:13:18 INFO  no build target found for /home/mati/homelab/Scala/szkielet/src/main/scala/zad1.scala. Using presentation compiler with project's scala-library version: 3.3.4[0m
2025.01.31 22:13:18 INFO  no build target found for /home/mati/homelab/Scala/szkielet/src/main/scala/zad1.scala. Using presentation compiler with project's scala-library version: 3.3.4[0m
Jan 31, 2025 10:13:19 PM org.eclipse.lsp4j.jsonrpc.RemoteEndpoint handleCancellation
WARNING: Unmatched cancel notification for request id 13
2025.01.31 22:13:18 INFO  no build target found for /home/mati/homelab/Scala/szkielet/src/main/scala/zad1.scala. Using presentation compiler with project's scala-library version: 3.3.4[0m
2025.01.31 22:13:20 INFO  tracing is disabled for protocol BSP, to enable tracing of incoming and outgoing JSON messages create an empty file at /home/mati/homelab/Scala/.metals/bsp.trace.json or /home/mati/.cache/metals/bsp.trace.json[0m
2025.01.31 22:13:20 INFO  time: Connected to build server in 3.31s[0m
2025.01.31 22:13:20 INFO  Connected to Build server: Bloop v2.0.8[0m
2025.01.31 22:13:21 INFO  time: Imported build in 0.13s[0m
2025.01.31 22:13:21 INFO  running doctor check[0m
2025.01.31 22:13:21 INFO  java targets: scala-test, scala[0m
2025.01.31 22:13:20 INFO  no build target found for /home/mati/homelab/Scala/szkielet/src/main/scala/zad1.scala. Using presentation compiler with project's scala-library version: 2.12.20[0m
2025.01.31 22:13:21 INFO  no build target found for /home/mati/homelab/Scala/szkielet/src/main/scala/zad1.scala. Using presentation compiler with project's scala-library version: 2.12.20[0m
Jan 31, 2025 10:13:21 PM org.eclipse.lsp4j.jsonrpc.RemoteEndpoint handleCancellation
WARNING: Unmatched cancel notification for request id 15
Jan 31, 2025 10:13:21 PM org.eclipse.lsp4j.jsonrpc.RemoteEndpoint handleCancellation
WARNING: Unmatched cancel notification for request id 14
2025.01.31 22:13:21 INFO  no build target found for /home/mati/homelab/Scala/szkielet/src/main/scala/zad1.scala. Using presentation compiler with project's scala-library version: 2.12.20[0m
2025.01.31 22:13:21 INFO  no build target found for /home/mati/homelab/Scala/szkielet/src/main/scala/zad1.scala. Using presentation compiler with project's scala-library version: 2.12.20[0m
2025.01.31 22:13:21 INFO  no build target found for /home/mati/homelab/Scala/szkielet/src/main/scala/zad1.scala. Using presentation compiler with project's scala-library version: 2.12.20[0m
2025.01.31 22:13:22 INFO  time: indexed workspace in 2.02s[0m
2025.01.31 22:13:23 WARN  no build target for: /home/mati/homelab/Scala/szkielet/src/main/scala/zad2.scala[0m
2025.01.31 22:13:23 WARN  no build target for: /home/mati/homelab/Scala/szkielet/src/main/scala/zad1.scala[0m
2025.01.31 22:13:23 INFO  no build target found for /home/mati/homelab/Scala/szkielet/src/main/scala/zad1.scala. Using presentation compiler with project's scala-library version: 2.12.20[0m
Jan 31, 2025 10:13:23 PM org.eclipse.lsp4j.jsonrpc.RemoteEndpoint handleCancellation
WARNING: Unmatched cancel notification for request id 19
2025.01.31 22:13:23 INFO  no build target found for /home/mati/homelab/Scala/szkielet/src/main/scala/zad1.scala. Using presentation compiler with project's scala-library version: 2.12.20[0m
2025.01.31 22:13:23 INFO  no build target found for /home/mati/homelab/Scala/szkielet/src/main/scala/zad1.scala. Using presentation compiler with project's scala-library version: 2.12.20[0m
2025.01.31 22:13:23 INFO  no build target found for /home/mati/homelab/Scala/szkielet/src/main/scala/zad1.scala. Using presentation compiler with project's scala-library version: 2.12.20[0m
2025.01.31 22:13:23 INFO  no build target found for /home/mati/homelab/Scala/szkielet/src/main/scala/zad1.scala. Using presentation compiler with project's scala-library version: 2.12.20[0m
2025.01.31 22:13:24 INFO  no build target found for /home/mati/homelab/Scala/szkielet/src/main/scala/zad1.scala. Using presentation compiler with project's scala-library version: 2.12.20[0m
Jan 31, 2025 10:13:24 PM org.eclipse.lsp4j.jsonrpc.RemoteEndpoint handleCancellation
WARNING: Unmatched cancel notification for request id 23
2025.01.31 22:13:23 INFO  no build target found for /home/mati/homelab/Scala/szkielet/src/main/scala/zad1.scala. Using presentation compiler with project's scala-library version: 2.12.20[0m
Jan 31, 2025 10:13:24 PM org.eclipse.lsp4j.jsonrpc.RemoteEndpoint handleCancellation
WARNING: Unmatched cancel notification for request id 24
2025.01.31 22:13:23 INFO  no build target found for /home/mati/homelab/Scala/szkielet/src/main/scala/zad1.scala. Using presentation compiler with project's scala-library version: 2.12.20[0m
2025.01.31 22:13:23 INFO  no build target found for /home/mati/homelab/Scala/szkielet/src/main/scala/zad1.scala. Using presentation compiler with project's scala-library version: 2.12.20[0m
Jan 31, 2025 10:13:24 PM org.eclipse.lsp4j.jsonrpc.RemoteEndpoint handleCancellation
WARNING: Unmatched cancel notification for request id 29
Jan 31, 2025 10:13:24 PM org.eclipse.lsp4j.jsonrpc.RemoteEndpoint handleCancellation
WARNING: Unmatched cancel notification for request id 28
2025.01.31 22:13:24 INFO  no build target found for /home/mati/homelab/Scala/szkielet/src/main/scala/zad1.scala. Using presentation compiler with project's scala-library version: 2.12.20[0m
2025.01.31 22:13:23 INFO  no build target found for /home/mati/homelab/Scala/szkielet/src/main/scala/zad1.scala. Using presentation compiler with project's scala-library version: 2.12.20[0m
Jan 31, 2025 10:13:24 PM scala.meta.internal.metals.StdReporter $anonfun$create$1
SEVERE: empty definition using pc, found symbol in pc:  (full report at: /home/mati/homelab/Scala/.metals/.reports/metals-full/2025-01-24/r_empty-definition_10-54-01-529.md)
2025.01.31 22:13:24 INFO  no build target found for /home/mati/homelab/Scala/szkielet/src/main/scala/zad1.scala. Using presentation compiler with project's scala-library version: 2.12.20[0m
2025.01.31 22:13:24 INFO  no build target found for /home/mati/homelab/Scala/szkielet/src/main/scala/zad2.scala. Using presentation compiler with project's scala-library version: 2.12.20[0m
2025.01.31 22:13:24 INFO  no build target found for /home/mati/homelab/Scala/szkielet/src/main/scala/zad1.scala. Using presentation compiler with project's scala-library version: 2.12.20[0m
2025.01.31 22:13:25 INFO  no build target found for /home/mati/homelab/Scala/szkielet/src/main/scala/zad1.scala. Using presentation compiler with project's scala-library version: 2.12.20[0m
2025.01.31 22:13:25 INFO  no build target found for /home/mati/homelab/Scala/szkielet/src/main/scala/zad1.scala. Using presentation compiler with project's scala-library version: 2.12.20[0m
2025.01.31 22:13:25 INFO  no build target found for /home/mati/homelab/Scala/szkielet/src/main/scala/zad1.scala. Using presentation compiler with project's scala-library version: 2.12.20[0m
2025.01.31 22:13:25 INFO  no build target found for /home/mati/homelab/Scala/szkielet/src/main/scala/zad1.scala. Using presentation compiler with project's scala-library version: 2.12.20[0m
2025.01.31 22:13:26 INFO  no build target found for /home/mati/homelab/Scala/szkielet/src/main/scala/zad1.scala. Using presentation compiler with project's scala-library version: 2.12.20[0m
2025.01.31 22:13:26 INFO  no build target found for /home/mati/homelab/Scala/szkielet/src/main/scala/zad1.scala. Using presentation compiler with project's scala-library version: 2.12.20[0m
2025.01.31 22:13:31 INFO  no build target found for /home/mati/homelab/Scala/szkielet/src/main/scala/zad1.scala. Using presentation compiler with project's scala-library version: 2.12.20[0m
2025.01.31 22:13:32 INFO  no build target found for /home/mati/homelab/Scala/szkielet/src/main/scala/zad1.scala. Using presentation compiler with project's scala-library version: 2.12.20[0m
2025.01.31 22:13:33 INFO  no build target found for /home/mati/homelab/Scala/szkielet/src/main/scala/zad1.scala. Using presentation compiler with project's scala-library version: 2.12.20[0m
2025.01.31 22:13:41 INFO  no build target found for /home/mati/homelab/Scala/szkielet/src/main/scala/zad1.scala. Using presentation compiler with project's scala-library version: 2.12.20[0m
2025.01.31 22:13:42 INFO  no build target found for /home/mati/homelab/Scala/szkielet/src/main/scala/zad1.scala. Using presentation compiler with project's scala-library version: 2.12.20[0m
2025.01.31 22:13:42 INFO  no build target found for /home/mati/homelab/Scala/szkielet/src/main/scala/zad1.scala. Using presentation compiler with project's scala-library version: 2.12.20[0m
2025.01.31 22:13:42 INFO  no build target found for /home/mati/homelab/Scala/szkielet/src/main/scala/zad1.scala. Using presentation compiler with project's scala-library version: 2.12.20[0m
2025.01.31 22:13:44 INFO  no build target found for /home/mati/homelab/Scala/szkielet/src/main/scala/zad1.scala. Using presentation compiler with project's scala-library version: 2.12.20[0m
2025.01.31 22:13:44 INFO  no build target found for /home/mati/homelab/Scala/szkielet/src/main/scala/zad1.scala. Using presentation compiler with project's scala-library version: 2.12.20[0m
2025.01.31 22:13:45 INFO  no build target found for /home/mati/homelab/Scala/szkielet/src/main/scala/zad1.scala. Using presentation compiler with project's scala-library version: 2.12.20[0m
2025.01.31 22:13:45 INFO  no build target found for /home/mati/homelab/Scala/szkielet/src/main/scala/zad1.scala. Using presentation compiler with project's scala-library version: 2.12.20[0m
2025.01.31 22:13:45 INFO  no build target found for /home/mati/homelab/Scala/szkielet/src/main/scala/zad1.scala. Using presentation compiler with project's scala-library version: 2.12.20[0m
2025.01.31 22:13:48 INFO  no build target found for /home/mati/homelab/Scala/szkielet/src/main/scala/zad1.scala. Using presentation compiler with project's scala-library version: 2.12.20[0m
2025.01.31 22:13:48 INFO  no build target found for /home/mati/homelab/Scala/szkielet/src/main/scala/zad1.scala. Using presentation compiler with project's scala-library version: 2.12.20[0m
2025.01.31 22:13:48 INFO  no build target found for /home/mati/homelab/Scala/szkielet/src/main/scala/zad1.scala. Using presentation compiler with project's scala-library version: 2.12.20[0m
2025.01.31 22:13:48 INFO  no build target found for /home/mati/homelab/Scala/szkielet/src/main/scala/zad1.scala. Using presentation compiler with project's scala-library version: 2.12.20[0m
2025.01.31 22:13:48 INFO  no build target found for /home/mati/homelab/Scala/szkielet/src/main/scala/zad1.scala. Using presentation compiler with project's scala-library version: 2.12.20[0m
2025.01.31 22:13:48 INFO  no build target found for /home/mati/homelab/Scala/szkielet/src/main/scala/zad1.scala. Using presentation compiler with project's scala-library version: 2.12.20[0m
2025.01.31 22:13:49 INFO  no build target found for /home/mati/homelab/Scala/szkielet/src/main/scala/zad1.scala. Using presentation compiler with project's scala-library version: 2.12.20[0m
2025.01.31 22:13:49 INFO  no build target found for /home/mati/homelab/Scala/szkielet/src/main/scala/zad1.scala. Using presentation compiler with project's scala-library version: 2.12.20[0m
2025.01.31 22:13:50 INFO  no build target found for /home/mati/homelab/Scala/szkielet/src/main/scala/zad1.scala. Using presentation compiler with project's scala-library version: 2.12.20[0m
2025.01.31 22:13:50 INFO  no build target found for /home/mati/homelab/Scala/szkielet/src/main/scala/zad1.scala. Using presentation compiler with project's scala-library version: 2.12.20[0m
2025.01.31 22:13:50 INFO  no build target found for /home/mati/homelab/Scala/szkielet/src/main/scala/zad1.scala. Using presentation compiler with project's scala-library version: 2.12.20[0m
2025.01.31 22:13:50 INFO  no build target found for /home/mati/homelab/Scala/szkielet/src/main/scala/zad1.scala. Using presentation compiler with project's scala-library version: 2.12.20[0m
2025.01.31 22:13:52 INFO  no build target found for /home/mati/homelab/Scala/szkielet/src/main/scala/zad1.scala. Using presentation compiler with project's scala-library version: 2.12.20[0m
2025.01.31 22:13:52 INFO  no build target found for /home/mati/homelab/Scala/szkielet/src/main/scala/zad1.scala. Using presentation compiler with project's scala-library version: 2.12.20[0m
2025.01.31 22:13:53 INFO  no build target found for /home/mati/homelab/Scala/szkielet/src/main/scala/zad1.scala. Using presentation compiler with project's scala-library version: 2.12.20[0m
2025.01.31 22:13:55 INFO  no build target found for /home/mati/homelab/Scala/szkielet/src/main/scala/zad1.scala. Using presentation compiler with project's scala-library version: 2.12.20[0m
2025.01.31 22:13:55 INFO  no build target found for /home/mati/homelab/Scala/szkielet/src/main/scala/zad1.scala. Using presentation compiler with project's scala-library version: 2.12.20[0m
2025.01.31 22:13:55 INFO  no build target found for /home/mati/homelab/Scala/szkielet/src/main/scala/zad1.scala. Using presentation compiler with project's scala-library version: 2.12.20[0m
2025.01.31 22:13:56 INFO  no build target found for /home/mati/homelab/Scala/szkielet/src/main/scala/zad1.scala. Using presentation compiler with project's scala-library version: 2.12.20[0m
2025.01.31 22:14:17 INFO  no build target found for /home/mati/homelab/Scala/szkielet/src/main/scala/zad1.scala. Using presentation compiler with project's scala-library version: 2.12.20[0m
2025.01.31 22:14:18 INFO  no build target found for /home/mati/homelab/Scala/szkielet/src/main/scala/zad1.scala. Using presentation compiler with project's scala-library version: 2.12.20[0m
2025.01.31 22:14:22 INFO  no build target found for /home/mati/homelab/Scala/szkielet/src/main/scala/zad1.scala. Using presentation compiler with project's scala-library version: 2.12.20[0m
2025.01.31 22:14:22 INFO  no build target found for /home/mati/homelab/Scala/szkielet/src/main/scala/zad1.scala. Using presentation compiler with project's scala-library version: 2.12.20[0m
2025.01.31 22:14:22 INFO  no build target found for /home/mati/homelab/Scala/szkielet/src/main/scala/zad1.scala. Using presentation compiler with project's scala-library version: 2.12.20[0m
2025.01.31 22:14:22 INFO  no build target found for /home/mati/homelab/Scala/szkielet/src/main/scala/zad1.scala. Using presentation compiler with project's scala-library version: 2.12.20[0m
2025.01.31 22:14:22 INFO  no build target found for /home/mati/homelab/Scala/szkielet/src/main/scala/zad1.scala. Using presentation compiler with project's scala-library version: 2.12.20[0m
2025.01.31 22:14:24 INFO  no build target found for /home/mati/homelab/Scala/szkielet/src/main/scala/zad1.scala. Using presentation compiler with project's scala-library version: 2.12.20[0m
2025.01.31 22:14:24 INFO  no build target found for /home/mati/homelab/Scala/szkielet/src/main/scala/zad1.scala. Using presentation compiler with project's scala-library version: 2.12.20[0m
2025.01.31 22:14:24 INFO  no build target found for /home/mati/homelab/Scala/szkielet/src/main/scala/zad1.scala. Using presentation compiler with project's scala-library version: 2.12.20[0m
2025.01.31 22:14:24 INFO  no build target found for /home/mati/homelab/Scala/szkielet/src/main/scala/zad1.scala. Using presentation compiler with project's scala-library version: 2.12.20[0m
2025.01.31 22:14:25 INFO  no build target found for /home/mati/homelab/Scala/szkielet/src/main/scala/zad1.scala. Using presentation compiler with project's scala-library version: 2.12.20[0m
2025.01.31 22:14:24 INFO  no build target found for /home/mati/homelab/Scala/szkielet/src/main/scala/zad1.scala. Using presentation compiler with project's scala-library version: 2.12.20[0m
2025.01.31 22:14:25 INFO  no build target found for /home/mati/homelab/Scala/szkielet/src/main/scala/zad1.scala. Using presentation compiler with project's scala-library version: 2.12.20[0m
2025.01.31 22:14:25 INFO  no build target found for /home/mati/homelab/Scala/szkielet/src/main/scala/zad1.scala. Using presentation compiler with project's scala-library version: 2.12.20[0m
2025.01.31 22:14:25 INFO  no build target found for /home/mati/homelab/Scala/szkielet/src/main/scala/zad1.scala. Using presentation compiler with project's scala-library version: 2.12.20[0m
2025.01.31 22:14:25 INFO  no build target found for /home/mati/homelab/Scala/szkielet/src/main/scala/zad1.scala. Using presentation compiler with project's scala-library version: 2.12.20[0m
2025.01.31 22:14:25 INFO  no build target found for /home/mati/homelab/Scala/szkielet/src/main/scala/zad1.scala. Using presentation compiler with project's scala-library version: 2.12.20[0m
2025.01.31 22:14:25 INFO  no build target found for /home/mati/homelab/Scala/szkielet/src/main/scala/zad1.scala. Using presentation compiler with project's scala-library version: 2.12.20[0m
2025.01.31 22:14:26 INFO  no build target found for /home/mati/homelab/Scala/szkielet/src/main/scala/zad1.scala. Using presentation compiler with project's scala-library version: 2.12.20[0m
2025.01.31 22:14:27 INFO  no build target found for /home/mati/homelab/Scala/szkielet/src/main/scala/zad1.scala. Using presentation compiler with project's scala-library version: 2.12.20[0m
2025.01.31 22:14:27 INFO  no build target found for /home/mati/homelab/Scala/szkielet/src/main/scala/zad1.scala. Using presentation compiler with project's scala-library version: 2.12.20[0m
2025.01.31 22:14:27 INFO  no build target found for /home/mati/homelab/Scala/szkielet/src/main/scala/zad1.scala. Using presentation compiler with project's scala-library version: 2.12.20[0m
2025.01.31 22:14:27 INFO  no build target found for /home/mati/homelab/Scala/szkielet/src/main/scala/zad1.scala. Using presentation compiler with project's scala-library version: 2.12.20[0m
2025.01.31 22:14:27 INFO  no build target found for /home/mati/homelab/Scala/szkielet/src/main/scala/zad1.scala. Using presentation compiler with project's scala-library version: 2.12.20[0m
2025.01.31 22:14:27 INFO  no build target found for /home/mati/homelab/Scala/szkielet/src/main/scala/zad1.scala. Using presentation compiler with project's scala-library version: 2.12.20[0m
2025.01.31 22:14:27 INFO  no build target found for /home/mati/homelab/Scala/szkielet/src/main/scala/zad1.scala. Using presentation compiler with project's scala-library version: 2.12.20[0m
2025.01.31 22:14:27 INFO  no build target found for /home/mati/homelab/Scala/szkielet/src/main/scala/zad1.scala. Using presentation compiler with project's scala-library version: 2.12.20[0m
2025.01.31 22:14:28 INFO  no build target found for /home/mati/homelab/Scala/szkielet/src/main/scala/zad1.scala. Using presentation compiler with project's scala-library version: 2.12.20[0m
2025.01.31 22:14:27 INFO  no build target found for /home/mati/homelab/Scala/szkielet/src/main/scala/zad1.scala. Using presentation compiler with project's scala-library version: 2.12.20[0m
2025.01.31 22:14:27 INFO  no build target found for /home/mati/homelab/Scala/szkielet/src/main/scala/zad1.scala. Using presentation compiler with project's scala-library version: 2.12.20[0m
2025.01.31 22:14:27 INFO  no build target found for /home/mati/homelab/Scala/szkielet/src/main/scala/zad1.scala. Using presentation compiler with project's scala-library version: 2.12.20[0m
2025.01.31 22:14:28 INFO  no build target found for /home/mati/homelab/Scala/szkielet/src/main/scala/zad1.scala. Using presentation compiler with project's scala-library version: 2.12.20[0m
2025.01.31 22:14:27 INFO  no build target found for /home/mati/homelab/Scala/szkielet/src/main/scala/zad1.scala. Using presentation compiler with project's scala-library version: 2.12.20[0m
2025.01.31 22:14:28 INFO  no build target found for /home/mati/homelab/Scala/szkielet/src/main/scala/zad1.scala. Using presentation compiler with project's scala-library version: 2.12.20[0m
2025.01.31 22:14:28 INFO  no build target found for /home/mati/homelab/Scala/szkielet/src/main/scala/zad1.scala. Using presentation compiler with project's scala-library version: 2.12.20[0m
2025.01.31 22:14:28 INFO  no build target found for /home/mati/homelab/Scala/szkielet/src/main/scala/zad1.scala. Using presentation compiler with project's scala-library version: 2.12.20[0m
2025.01.31 22:14:28 INFO  no build target found for /home/mati/homelab/Scala/szkielet/src/main/scala/zad1.scala. Using presentation compiler with project's scala-library version: 2.12.20[0m
2025.01.31 22:14:28 INFO  no build target found for /home/mati/homelab/Scala/szkielet/src/main/scala/zad1.scala. Using presentation compiler with project's scala-library version: 2.12.20[0m
2025.01.31 22:14:28 INFO  no build target found for /home/mati/homelab/Scala/szkielet/src/main/scala/zad1.scala. Using presentation compiler with project's scala-library version: 2.12.20[0m
2025.01.31 22:14:28 INFO  no build target found for /home/mati/homelab/Scala/szkielet/src/main/scala/zad1.scala. Using presentation compiler with project's scala-library version: 2.12.20[0m
2025.01.31 22:14:28 INFO  no build target found for /home/mati/homelab/Scala/szkielet/src/main/scala/zad1.scala. Using presentation compiler with project's scala-library version: 2.12.20[0m
2025.01.31 22:14:28 INFO  no build target found for /home/mati/homelab/Scala/szkielet/src/main/scala/zad1.scala. Using presentation compiler with project's scala-library version: 2.12.20[0m
2025.01.31 22:14:29 INFO  no build target found for /home/mati/homelab/Scala/szkielet/src/main/scala/zad1.scala. Using presentation compiler with project's scala-library version: 2.12.20[0m
2025.01.31 22:14:29 INFO  no build target found for /home/mati/homelab/Scala/szkielet/src/main/scala/zad1.scala. Using presentation compiler with project's scala-library version: 2.12.20[0m
2025.01.31 22:14:29 INFO  no build target found for /home/mati/homelab/Scala/szkielet/src/main/scala/zad1.scala. Using presentation compiler with project's scala-library version: 2.12.20[0m
2025.01.31 22:14:30 INFO  no build target found for /home/mati/homelab/Scala/szkielet/src/main/scala/zad1.scala. Using presentation compiler with project's scala-library version: 2.12.20[0m
2025.01.31 22:14:30 INFO  no build target found for /home/mati/homelab/Scala/szkielet/src/main/scala/zad1.scala. Using presentation compiler with project's scala-library version: 2.12.20[0m
2025.01.31 22:14:29 INFO  no build target found for /home/mati/homelab/Scala/szkielet/src/main/scala/zad1.scala. Using presentation compiler with project's scala-library version: 2.12.20[0m
2025.01.31 22:14:29 INFO  no build target found for /home/mati/homelab/Scala/szkielet/src/main/scala/zad1.scala. Using presentation compiler with project's scala-library version: 2.12.20[0m
2025.01.31 22:14:29 INFO  no build target found for /home/mati/homelab/Scala/szkielet/src/main/scala/zad1.scala. Using presentation compiler with project's scala-library version: 2.12.20[0m
2025.01.31 22:14:30 INFO  no build target found for /home/mati/homelab/Scala/szkielet/src/main/scala/zad1.scala. Using presentation compiler with project's scala-library version: 2.12.20[0m
2025.01.31 22:14:30 INFO  no build target found for /home/mati/homelab/Scala/szkielet/src/main/scala/zad1.scala. Using presentation compiler with project's scala-library version: 2.12.20[0m
2025.01.31 22:14:30 INFO  no build target found for /home/mati/homelab/Scala/szkielet/src/main/scala/zad1.scala. Using presentation compiler with project's scala-library version: 2.12.20[0m
2025.01.31 22:14:32 INFO  no build target found for /home/mati/homelab/Scala/szkielet/src/main/scala/zad1.scala. Using presentation compiler with project's scala-library version: 2.12.20[0m
2025.01.31 22:14:32 INFO  no build target found for /home/mati/homelab/Scala/szkielet/src/main/scala/zad1.scala. Using presentation compiler with project's scala-library version: 2.12.20[0m
2025.01.31 22:14:32 INFO  no build target found for /home/mati/homelab/Scala/szkielet/src/main/scala/zad1.scala. Using presentation compiler with project's scala-library version: 2.12.20[0m
2025.01.31 22:14:32 INFO  no build target found for /home/mati/homelab/Scala/szkielet/src/main/scala/zad1.scala. Using presentation compiler with project's scala-library version: 2.12.20[0m
2025.01.31 22:14:32 INFO  no build target found for /home/mati/homelab/Scala/szkielet/src/main/scala/zad1.scala. Using presentation compiler with project's scala-library version: 2.12.20[0m
2025.01.31 22:14:32 INFO  no build target found for /home/mati/homelab/Scala/szkielet/src/main/scala/zad1.scala. Using presentation compiler with project's scala-library version: 2.12.20[0m
2025.01.31 22:14:32 INFO  no build target found for /home/mati/homelab/Scala/szkielet/src/main/scala/zad1.scala. Using presentation compiler with project's scala-library version: 2.12.20[0m
2025.01.31 22:14:33 INFO  no build target found for /home/mati/homelab/Scala/szkielet/src/main/scala/zad1.scala. Using presentation compiler with project's scala-library version: 2.12.20[0m
2025.01.31 22:14:32 INFO  no build target found for /home/mati/homelab/Scala/szkielet/src/main/scala/zad1.scala. Using presentation compiler with project's scala-library version: 2.12.20[0m
2025.01.31 22:14:33 INFO  no build target found for /home/mati/homelab/Scala/szkielet/src/main/scala/zad1.scala. Using presentation compiler with project's scala-library version: 2.12.20[0m
2025.01.31 22:14:32 INFO  no build target found for /home/mati/homelab/Scala/szkielet/src/main/scala/zad1.scala. Using presentation compiler with project's scala-library version: 2.12.20[0m
2025.01.31 22:14:33 INFO  no build target found for /home/mati/homelab/Scala/szkielet/src/main/scala/zad1.scala. Using presentation compiler with project's scala-library version: 2.12.20[0m
2025.01.31 22:14:33 INFO  no build target found for /home/mati/homelab/Scala/szkielet/src/main/scala/zad1.scala. Using presentation compiler with project's scala-library version: 2.12.20[0m
2025.01.31 22:14:33 INFO  no build target found for /home/mati/homelab/Scala/szkielet/src/main/scala/zad1.scala. Using presentation compiler with project's scala-library version: 2.12.20[0m
2025.01.31 22:14:34 INFO  no build target found for /home/mati/homelab/Scala/szkielet/src/main/scala/zad1.scala. Using presentation compiler with project's scala-library version: 2.12.20[0m
2025.01.31 22:14:33 INFO  no build target found for /home/mati/homelab/Scala/szkielet/src/main/scala/zad1.scala. Using presentation compiler with project's scala-library version: 2.12.20[0m
2025.01.31 22:14:34 INFO  no build target found for /home/mati/homelab/Scala/szkielet/src/main/scala/zad1.scala. Using presentation compiler with project's scala-library version: 2.12.20[0m
2025.01.31 22:14:34 INFO  no build target found for /home/mati/homelab/Scala/szkielet/src/main/scala/zad1.scala. Using presentation compiler with project's scala-library version: 2.12.20[0m
2025.01.31 22:14:34 INFO  no build target found for /home/mati/homelab/Scala/szkielet/src/main/scala/zad1.scala. Using presentation compiler with project's scala-library version: 2.12.20[0m
2025.01.31 22:14:34 INFO  no build target found for /home/mati/homelab/Scala/szkielet/src/main/scala/zad1.scala. Using presentation compiler with project's scala-library version: 2.12.20[0m
2025.01.31 22:14:36 INFO  no build target found for /home/mati/homelab/Scala/szkielet/src/main/scala/zad1.scala. Using presentation compiler with project's scala-library version: 2.12.20[0m
2025.01.31 22:14:36 INFO  no build target found for /home/mati/homelab/Scala/szkielet/src/main/scala/zad1.scala. Using presentation compiler with project's scala-library version: 2.12.20[0m
2025.01.31 22:14:36 INFO  no build target found for /home/mati/homelab/Scala/szkielet/src/main/scala/zad1.scala. Using presentation compiler with project's scala-library version: 2.12.20[0m
2025.01.31 22:14:36 INFO  no build target found for /home/mati/homelab/Scala/szkielet/src/main/scala/zad1.scala. Using presentation compiler with project's scala-library version: 2.12.20[0m
2025.01.31 22:14:36 INFO  no build target found for /home/mati/homelab/Scala/szkielet/src/main/scala/zad1.scala. Using presentation compiler with project's scala-library version: 2.12.20[0m
2025.01.31 22:14:36 INFO  no build target found for /home/mati/homelab/Scala/szkielet/src/main/scala/zad1.scala. Using presentation compiler with project's scala-library version: 2.12.20[0m
2025.01.31 22:14:36 INFO  no build target found for /home/mati/homelab/Scala/szkielet/src/main/scala/zad1.scala. Using presentation compiler with project's scala-library version: 2.12.20[0m
2025.01.31 22:14:36 INFO  no build target found for /home/mati/homelab/Scala/szkielet/src/main/scala/zad1.scala. Using presentation compiler with project's scala-library version: 2.12.20[0m
2025.01.31 22:14:37 INFO  no build target found for /home/mati/homelab/Scala/szkielet/src/main/scala/zad1.scala. Using presentation compiler with project's scala-library version: 2.12.20[0m
2025.01.31 22:14:36 INFO  no build target found for /home/mati/homelab/Scala/szkielet/src/main/scala/zad1.scala. Using presentation compiler with project's scala-library version: 2.12.20[0m
2025.01.31 22:14:36 INFO  no build target found for /home/mati/homelab/Scala/szkielet/src/main/scala/zad1.scala. Using presentation compiler with project's scala-library version: 2.12.20[0m
2025.01.31 22:14:37 INFO  no build target found for /home/mati/homelab/Scala/szkielet/src/main/scala/zad1.scala. Using presentation compiler with project's scala-library version: 2.12.20[0m
2025.01.31 22:14:37 INFO  no build target found for /home/mati/homelab/Scala/szkielet/src/main/scala/zad1.scala. Using presentation compiler with project's scala-library version: 2.12.20[0m
2025.01.31 22:14:37 INFO  no build target found for /home/mati/homelab/Scala/szkielet/src/main/scala/zad1.scala. Using presentation compiler with project's scala-library version: 2.12.20[0m
2025.01.31 22:14:37 INFO  no build target found for /home/mati/homelab/Scala/szkielet/src/main/scala/zad1.scala. Using presentation compiler with project's scala-library version: 2.12.20[0m
2025.01.31 22:14:37 INFO  no build target found for /home/mati/homelab/Scala/szkielet/src/main/scala/zad1.scala. Using presentation compiler with project's scala-library version: 2.12.20[0m
2025.01.31 22:14:37 INFO  no build target found for /home/mati/homelab/Scala/szkielet/src/main/scala/zad1.scala. Using presentation compiler with project's scala-library version: 2.12.20[0m
2025.01.31 22:14:37 INFO  no build target found for /home/mati/homelab/Scala/szkielet/src/main/scala/zad1.scala. Using presentation compiler with project's scala-library version: 2.12.20[0m
2025.01.31 22:14:37 INFO  no build target found for /home/mati/homelab/Scala/szkielet/src/main/scala/zad1.scala. Using presentation compiler with project's scala-library version: 2.12.20[0m
2025.01.31 22:14:37 INFO  no build target found for /home/mati/homelab/Scala/szkielet/src/main/scala/zad1.scala. Using presentation compiler with project's scala-library version: 2.12.20[0m
2025.01.31 22:14:37 INFO  no build target found for /home/mati/homelab/Scala/szkielet/src/main/scala/zad1.scala. Using presentation compiler with project's scala-library version: 2.12.20[0m
2025.01.31 22:14:37 INFO  no build target found for /home/mati/homelab/Scala/szkielet/src/main/scala/zad1.scala. Using presentation compiler with project's scala-library version: 2.12.20[0m
2025.01.31 22:14:37 INFO  no build target found for /home/mati/homelab/Scala/szkielet/src/main/scala/zad1.scala. Using presentation compiler with project's scala-library version: 2.12.20[0m
2025.01.31 22:14:38 INFO  no build target found for /home/mati/homelab/Scala/szkielet/src/main/scala/zad1.scala. Using presentation compiler with project's scala-library version: 2.12.20[0m
2025.01.31 22:14:38 INFO  no build target found for /home/mati/homelab/Scala/szkielet/src/main/scala/zad1.scala. Using presentation compiler with project's scala-library version: 2.12.20[0m
2025.01.31 22:14:38 INFO  no build target found for /home/mati/homelab/Scala/szkielet/src/main/scala/zad1.scala. Using presentation compiler with project's scala-library version: 2.12.20[0m
2025.01.31 22:14:39 INFO  no build target found for /home/mati/homelab/Scala/szkielet/src/main/scala/zad1.scala. Using presentation compiler with project's scala-library version: 2.12.20[0m
2025.01.31 22:14:38 INFO  no build target found for /home/mati/homelab/Scala/szkielet/src/main/scala/zad1.scala. Using presentation compiler with project's scala-library version: 2.12.20[0m
2025.01.31 22:14:39 INFO  no build target found for /home/mati/homelab/Scala/szkielet/src/main/scala/zad1.scala. Using presentation compiler with project's scala-library version: 2.12.20[0m
2025.01.31 22:14:41 INFO  no build target found for /home/mati/homelab/Scala/szkielet/src/main/scala/zad1.scala. Using presentation compiler with project's scala-library version: 2.12.20[0m
2025.01.31 22:14:41 WARN  no build target for: /home/mati/homelab/Scala/szkielet/src/main/scala/zad1.scala[0m
2025.01.31 22:14:41 INFO  no build target found for /home/mati/homelab/Scala/szkielet/src/main/scala/zad1.scala. Using presentation compiler with project's scala-library version: 2.12.20[0m
2025.01.31 22:14:41 INFO  no build target found for /home/mati/homelab/Scala/szkielet/src/main/scala/zad1.scala. Using presentation compiler with project's scala-library version: 2.12.20[0m
2025.01.31 22:14:53 INFO  no build target found for /home/mati/homelab/Scala/szkielet/src/main/scala/zad1.scala. Using presentation compiler with project's scala-library version: 2.12.20[0m
2025.01.31 22:15:23 INFO  no build target found for /home/mati/homelab/Scala/szkielet/src/main/scala/zad2.scala. Using presentation compiler with project's scala-library version: 2.12.20[0m
2025.01.31 22:15:23 INFO  no build target found for /home/mati/homelab/Scala/szkielet/src/main/scala/zad2.scala. Using presentation compiler with project's scala-library version: 2.12.20[0m
2025.01.31 22:15:23 INFO  no build target found for /home/mati/homelab/Scala/szkielet/src/main/scala/zad2.scala. Using presentation compiler with project's scala-library version: 2.12.20[0m
2025.01.31 22:15:23 INFO  no build target found for /home/mati/homelab/Scala/szkielet/src/main/scala/zad2.scala. Using presentation compiler with project's scala-library version: 2.12.20[0m
2025.01.31 22:15:26 INFO  no build target found for /home/mati/homelab/Scala/szkielet/src/main/scala/zad2.scala. Using presentation compiler with project's scala-library version: 2.12.20[0m
2025.01.31 22:15:26 INFO  no build target found for /home/mati/homelab/Scala/szkielet/src/main/scala/zad2.scala. Using presentation compiler with project's scala-library version: 2.12.20[0m
2025.01.31 22:15:26 INFO  no build target found for /home/mati/homelab/Scala/szkielet/src/main/scala/zad2.scala. Using presentation compiler with project's scala-library version: 2.12.20[0m
2025.01.31 22:15:27 INFO  no build target found for /home/mati/homelab/Scala/szkielet/src/main/scala/zad2.scala. Using presentation compiler with project's scala-library version: 2.12.20[0m
2025.01.31 22:15:29 INFO  no build target found for /home/mati/homelab/Scala/szkielet/src/main/scala/zad2.scala. Using presentation compiler with project's scala-library version: 2.12.20[0m
2025.01.31 22:15:29 INFO  no build target found for /home/mati/homelab/Scala/szkielet/src/main/scala/zad2.scala. Using presentation compiler with project's scala-library version: 2.12.20[0m
2025.01.31 22:15:34 INFO  no build target found for /home/mati/homelab/Scala/szkielet/src/main/scala/zad2.scala. Using presentation compiler with project's scala-library version: 2.12.20[0m
2025.01.31 22:15:34 INFO  no build target found for /home/mati/homelab/Scala/szkielet/src/main/scala/zad2.scala. Using presentation compiler with project's scala-library version: 2.12.20[0m
2025.01.31 22:15:34 INFO  no build target found for /home/mati/homelab/Scala/szkielet/src/main/scala/zad2.scala. Using presentation compiler with project's scala-library version: 2.12.20[0m
2025.01.31 22:15:34 INFO  no build target found for /home/mati/homelab/Scala/szkielet/src/main/scala/zad2.scala. Using presentation compiler with project's scala-library version: 2.12.20[0m
2025.01.31 22:15:35 INFO  no build target found for /home/mati/homelab/Scala/szkielet/src/main/scala/zad2.scala. Using presentation compiler with project's scala-library version: 2.12.20[0m
2025.01.31 22:15:35 INFO  no build target found for /home/mati/homelab/Scala/szkielet/src/main/scala/zad2.scala. Using presentation compiler with project's scala-library version: 2.12.20[0m
2025.01.31 22:15:35 INFO  no build target found for /home/mati/homelab/Scala/szkielet/src/main/scala/zad2.scala. Using presentation compiler with project's scala-library version: 2.12.20[0m
2025.01.31 22:15:36 INFO  no build target found for /home/mati/homelab/Scala/szkielet/src/main/scala/zad2.scala. Using presentation compiler with project's scala-library version: 2.12.20[0m
2025.01.31 22:15:38 INFO  no build target found for /home/mati/homelab/Scala/szkielet/src/main/scala/zad2.scala. Using presentation compiler with project's scala-library version: 2.12.20[0m
2025.01.31 22:15:38 INFO  no build target found for /home/mati/homelab/Scala/szkielet/src/main/scala/zad2.scala. Using presentation compiler with project's scala-library version: 2.12.20[0m
2025.01.31 22:15:39 INFO  no build target found for /home/mati/homelab/Scala/szkielet/src/main/scala/zad2.scala. Using presentation compiler with project's scala-library version: 2.12.20[0m
2025.01.31 22:15:39 INFO  no build target found for /home/mati/homelab/Scala/szkielet/src/main/scala/zad2.scala. Using presentation compiler with project's scala-library version: 2.12.20[0m
2025.01.31 22:15:39 INFO  no build target found for /home/mati/homelab/Scala/szkielet/src/main/scala/zad2.scala. Using presentation compiler with project's scala-library version: 2.12.20[0m
2025.01.31 22:15:41 INFO  no build target found for /home/mati/homelab/Scala/szkielet/src/main/scala/zad2.scala. Using presentation compiler with project's scala-library version: 2.12.20[0m
2025.01.31 22:15:41 INFO  no build target found for /home/mati/homelab/Scala/szkielet/src/main/scala/zad2.scala. Using presentation compiler with project's scala-library version: 2.12.20[0m
2025.01.31 22:15:41 INFO  no build target found for /home/mati/homelab/Scala/szkielet/src/main/scala/zad2.scala. Using presentation compiler with project's scala-library version: 2.12.20[0m
2025.01.31 22:15:41 INFO  no build target found for /home/mati/homelab/Scala/szkielet/src/main/scala/zad2.scala. Using presentation compiler with project's scala-library version: 2.12.20[0m
2025.01.31 22:15:41 INFO  no build target found for /home/mati/homelab/Scala/szkielet/src/main/scala/zad2.scala. Using presentation compiler with project's scala-library version: 2.12.20[0m
2025.01.31 22:15:42 INFO  no build target found for /home/mati/homelab/Scala/szkielet/src/main/scala/zad2.scala. Using presentation compiler with project's scala-library version: 2.12.20[0m
2025.01.31 22:15:42 INFO  no build target found for /home/mati/homelab/Scala/szkielet/src/main/scala/zad2.scala. Using presentation compiler with project's scala-library version: 2.12.20[0m
2025.01.31 22:15:42 INFO  no build target found for /home/mati/homelab/Scala/szkielet/src/main/scala/zad2.scala. Using presentation compiler with project's scala-library version: 2.12.20[0m
2025.01.31 22:15:42 INFO  no build target found for /home/mati/homelab/Scala/szkielet/src/main/scala/zad2.scala. Using presentation compiler with project's scala-library version: 2.12.20[0m
2025.01.31 22:15:44 INFO  no build target found for /home/mati/homelab/Scala/szkielet/src/main/scala/zad2.scala. Using presentation compiler with project's scala-library version: 2.12.20[0m
2025.01.31 22:15:44 INFO  no build target found for /home/mati/homelab/Scala/szkielet/src/main/scala/zad2.scala. Using presentation compiler with project's scala-library version: 2.12.20[0m
2025.01.31 22:15:44 INFO  no build target found for /home/mati/homelab/Scala/szkielet/src/main/scala/zad2.scala. Using presentation compiler with project's scala-library version: 2.12.20[0m
2025.01.31 22:15:44 INFO  no build target found for /home/mati/homelab/Scala/szkielet/src/main/scala/zad2.scala. Using presentation compiler with project's scala-library version: 2.12.20[0m
2025.01.31 22:15:45 INFO  no build target found for /home/mati/homelab/Scala/szkielet/src/main/scala/zad2.scala. Using presentation compiler with project's scala-library version: 2.12.20[0m
2025.01.31 22:15:45 INFO  no build target found for /home/mati/homelab/Scala/szkielet/src/main/scala/zad2.scala. Using presentation compiler with project's scala-library version: 2.12.20[0m
2025.01.31 22:15:45 INFO  no build target found for /home/mati/homelab/Scala/szkielet/src/main/scala/zad2.scala. Using presentation compiler with project's scala-library version: 2.12.20[0m
2025.01.31 22:15:48 INFO  no build target found for /home/mati/homelab/Scala/szkielet/src/main/scala/zad2.scala. Using presentation compiler with project's scala-library version: 2.12.20[0m
2025.01.31 22:15:48 INFO  no build target found for /home/mati/homelab/Scala/szkielet/src/main/scala/zad2.scala. Using presentation compiler with project's scala-library version: 2.12.20[0m
2025.01.31 22:15:48 INFO  no build target found for /home/mati/homelab/Scala/szkielet/src/main/scala/zad2.scala. Using presentation compiler with project's scala-library version: 2.12.20[0m
2025.01.31 22:15:48 INFO  no build target found for /home/mati/homelab/Scala/szkielet/src/main/scala/zad2.scala. Using presentation compiler with project's scala-library version: 2.12.20[0m
2025.01.31 22:15:50 INFO  no build target found for /home/mati/homelab/Scala/szkielet/src/main/scala/zad2.scala. Using presentation compiler with project's scala-library version: 2.12.20[0m
2025.01.31 22:15:50 INFO  no build target found for /home/mati/homelab/Scala/szkielet/src/main/scala/zad2.scala. Using presentation compiler with project's scala-library version: 2.12.20[0m
2025.01.31 22:16:00 INFO  no build target found for /home/mati/homelab/Scala/szkielet/src/main/scala/zad2.scala. Using presentation compiler with project's scala-library version: 2.12.20[0m
2025.01.31 22:16:00 INFO  no build target found for /home/mati/homelab/Scala/szkielet/src/main/scala/zad2.scala. Using presentation compiler with project's scala-library version: 2.12.20[0m
2025.01.31 22:16:02 INFO  no build target found for /home/mati/homelab/Scala/szkielet/src/main/scala/zad2.scala. Using presentation compiler with project's scala-library version: 2.12.20[0m
2025.01.31 22:16:10 INFO  no build target found for /home/mati/homelab/Scala/szkielet/src/main/scala/zad2.scala. Using presentation compiler with project's scala-library version: 2.12.20[0m
2025.01.31 22:16:10 INFO  no build target found for /home/mati/homelab/Scala/szkielet/src/main/scala/zad2.scala. Using presentation compiler with project's scala-library version: 2.12.20[0m
2025.01.31 22:16:13 INFO  no build target found for /home/mati/homelab/Scala/szkielet/src/main/scala/zad2.scala. Using presentation compiler with project's scala-library version: 2.12.20[0m
2025.01.31 22:16:14 INFO  no build target found for /home/mati/homelab/Scala/szkielet/src/main/scala/zad2.scala. Using presentation compiler with project's scala-library version: 2.12.20[0m
Jan 31, 2025 10:16:17 PM org.eclipse.lsp4j.jsonrpc.services.GenericEndpoint notify
WARNING: Unsupported notification method: metals/windowStateDidChange
Jan 31, 2025 10:17:16 PM org.eclipse.lsp4j.jsonrpc.services.GenericEndpoint notify
WARNING: Unsupported notification method: metals/windowStateDidChange
Jan 31, 2025 10:30:45 PM org.eclipse.lsp4j.jsonrpc.services.GenericEndpoint notify
WARNING: Unsupported notification method: metals/windowStateDidChange
2025.01.31 22:30:46 INFO  no build target found for /home/mati/homelab/Scala/szkielet/src/main/scala/zad2.scala. Using presentation compiler with project's scala-library version: 2.12.20[0m
2025.01.31 22:30:48 INFO  no build target found for /home/mati/homelab/Scala/szkielet/src/main/scala/zad2.scala. Using presentation compiler with project's scala-library version: 2.12.20[0m
Jan 31, 2025 10:30:52 PM org.eclipse.lsp4j.jsonrpc.services.GenericEndpoint notify
WARNING: Unsupported notification method: metals/windowStateDidChange
2025.01.31 22:31:15 INFO  no build target found for /home/mati/homelab/Scala/szkielet/src/main/scala/zad2.scala. Using presentation compiler with project's scala-library version: 2.12.20[0m
2025.01.31 22:31:15 INFO  no build target found for /home/mati/homelab/Scala/szkielet/src/main/scala/zad2.scala. Using presentation compiler with project's scala-library version: 2.12.20[0m
2025.01.31 22:31:15 INFO  no build target found for /home/mati/homelab/Scala/szkielet/src/main/scala/zad2.scala. Using presentation compiler with project's scala-library version: 2.12.20[0m
2025.01.31 22:31:15 INFO  no build target found for /home/mati/homelab/Scala/szkielet/src/main/scala/zad2.scala. Using presentation compiler with project's scala-library version: 2.12.20[0m
2025.01.31 22:31:15 INFO  no build target found for /home/mati/homelab/Scala/szkielet/src/main/scala/zad2.scala. Using presentation compiler with project's scala-library version: 2.12.20[0m
2025.01.31 22:31:21 INFO  no build target found for /home/mati/homelab/Scala/szkielet/src/main/scala/zad1.scala. Using presentation compiler with project's scala-library version: 2.12.20[0m
2025.01.31 22:31:21 INFO  no build target found for /home/mati/homelab/Scala/szkielet/src/main/scala/zad1.scala. Using presentation compiler with project's scala-library version: 2.12.20[0m
2025.01.31 22:31:21 INFO  no build target found for /home/mati/homelab/Scala/szkielet/src/main/scala/zad1.scala. Using presentation compiler with project's scala-library version: 2.12.20[0m
2025.01.31 22:31:21 INFO  no build target found for /home/mati/homelab/Scala/szkielet/src/main/scala/zad1.scala. Using presentation compiler with project's scala-library version: 2.12.20[0m
2025.01.31 22:31:23 INFO  no build target found for /home/mati/homelab/Scala/szkielet/src/main/scala/zad1.scala. Using presentation compiler with project's scala-library version: 2.12.20[0m
2025.01.31 22:31:23 INFO  no build target found for /home/mati/homelab/Scala/szkielet/src/main/scala/zad1.scala. Using presentation compiler with project's scala-library version: 2.12.20[0m
2025.01.31 22:31:24 INFO  no build target found for /home/mati/homelab/Scala/szkielet/src/main/scala/zad1.scala. Using presentation compiler with project's scala-library version: 2.12.20[0m
2025.01.31 22:31:24 INFO  no build target found for /home/mati/homelab/Scala/szkielet/src/main/scala/zad1.scala. Using presentation compiler with project's scala-library version: 2.12.20[0m
2025.01.31 22:31:24 INFO  no build target found for /home/mati/homelab/Scala/szkielet/src/main/scala/zad1.scala. Using presentation compiler with project's scala-library version: 2.12.20[0m
2025.01.31 22:31:26 INFO  no build target found for /home/mati/homelab/Scala/szkielet/src/main/scala/zad1.scala. Using presentation compiler with project's scala-library version: 2.12.20[0m
2025.01.31 22:31:26 INFO  no build target found for /home/mati/homelab/Scala/szkielet/src/main/scala/zad1.scala. Using presentation compiler with project's scala-library version: 2.12.20[0m
2025.01.31 22:31:27 INFO  no build target found for /home/mati/homelab/Scala/szkielet/src/main/scala/zad1.scala. Using presentation compiler with project's scala-library version: 2.12.20[0m
2025.01.31 22:31:27 INFO  no build target found for /home/mati/homelab/Scala/szkielet/src/main/scala/zad1.scala. Using presentation compiler with project's scala-library version: 2.12.20[0m
2025.01.31 22:31:27 INFO  no build target found for /home/mati/homelab/Scala/szkielet/src/main/scala/zad1.scala. Using presentation compiler with project's scala-library version: 2.12.20[0m
2025.01.31 22:31:27 INFO  no build target found for /home/mati/homelab/Scala/szkielet/src/main/scala/zad1.scala. Using presentation compiler with project's scala-library version: 2.12.20[0m
2025.01.31 22:31:27 INFO  no build target found for /home/mati/homelab/Scala/szkielet/src/main/scala/zad1.scala. Using presentation compiler with project's scala-library version: 2.12.20[0m
2025.01.31 22:31:28 INFO  no build target found for /home/mati/homelab/Scala/szkielet/src/main/scala/zad1.scala. Using presentation compiler with project's scala-library version: 2.12.20[0m
2025.01.31 22:31:28 INFO  no build target found for /home/mati/homelab/Scala/szkielet/src/main/scala/zad1.scala. Using presentation compiler with project's scala-library version: 2.12.20[0m
2025.01.31 22:31:30 INFO  no build target found for /home/mati/homelab/Scala/szkielet/src/main/scala/zad1.scala. Using presentation compiler with project's scala-library version: 2.12.20[0m
2025.01.31 22:31:30 INFO  no build target found for /home/mati/homelab/Scala/szkielet/src/main/scala/zad1.scala. Using presentation compiler with project's scala-library version: 2.12.20[0m
2025.01.31 22:31:34 INFO  no build target found for /home/mati/homelab/Scala/szkielet/src/main/scala/zad1.scala. Using presentation compiler with project's scala-library version: 2.12.20[0m
2025.01.31 22:31:34 INFO  no build target found for /home/mati/homelab/Scala/szkielet/src/main/scala/zad1.scala. Using presentation compiler with project's scala-library version: 2.12.20[0m
2025.01.31 22:31:34 INFO  no build target found for /home/mati/homelab/Scala/szkielet/src/main/scala/zad1.scala. Using presentation compiler with project's scala-library version: 2.12.20[0m
2025.01.31 22:31:34 INFO  no build target found for /home/mati/homelab/Scala/szkielet/src/main/scala/zad1.scala. Using presentation compiler with project's scala-library version: 2.12.20[0m
2025.01.31 22:31:35 INFO  no build target found for /home/mati/homelab/Scala/szkielet/src/main/scala/zad1.scala. Using presentation compiler with project's scala-library version: 2.12.20[0m
2025.01.31 22:31:35 INFO  no build target found for /home/mati/homelab/Scala/szkielet/src/main/scala/zad1.scala. Using presentation compiler with project's scala-library version: 2.12.20[0m
2025.01.31 22:31:35 INFO  no build target found for /home/mati/homelab/Scala/szkielet/src/main/scala/zad1.scala. Using presentation compiler with project's scala-library version: 2.12.20[0m
2025.01.31 22:31:38 INFO  no build target found for /home/mati/homelab/Scala/szkielet/src/main/scala/zad1.scala. Using presentation compiler with project's scala-library version: 2.12.20[0m
2025.01.31 22:31:49 INFO  no build target found for /home/mati/homelab/Scala/szkielet/src/main/scala/zad1.scala. Using presentation compiler with project's scala-library version: 2.12.20[0m
2025.01.31 22:31:49 INFO  no build target found for /home/mati/homelab/Scala/szkielet/src/main/scala/zad1.scala. Using presentation compiler with project's scala-library version: 2.12.20[0m
2025.01.31 22:31:49 INFO  no build target found for /home/mati/homelab/Scala/szkielet/src/main/scala/zad1.scala. Using presentation compiler with project's scala-library version: 2.12.20[0m
2025.01.31 22:31:50 INFO  no build target found for /home/mati/homelab/Scala/szkielet/src/main/scala/zad1.scala. Using presentation compiler with project's scala-library version: 2.12.20[0m
2025.01.31 22:31:50 INFO  no build target found for /home/mati/homelab/Scala/szkielet/src/main/scala/zad1.scala. Using presentation compiler with project's scala-library version: 2.12.20[0m
2025.01.31 22:31:50 INFO  no build target found for /home/mati/homelab/Scala/szkielet/src/main/scala/zad1.scala. Using presentation compiler with project's scala-library version: 2.12.20[0m
2025.01.31 22:31:52 INFO  no build target found for /home/mati/homelab/Scala/szkielet/src/main/scala/zad1.scala. Using presentation compiler with project's scala-library version: 2.12.20[0m
2025.01.31 22:31:52 INFO  no build target found for /home/mati/homelab/Scala/szkielet/src/main/scala/zad1.scala. Using presentation compiler with project's scala-library version: 2.12.20[0m
2025.01.31 22:31:52 INFO  no build target found for /home/mati/homelab/Scala/szkielet/src/main/scala/zad1.scala. Using presentation compiler with project's scala-library version: 2.12.20[0m
2025.01.31 22:31:53 INFO  no build target found for /home/mati/homelab/Scala/szkielet/src/main/scala/zad1.scala. Using presentation compiler with project's scala-library version: 2.12.20[0m
2025.01.31 22:31:53 INFO  no build target found for /home/mati/homelab/Scala/szkielet/src/main/scala/zad1.scala. Using presentation compiler with project's scala-library version: 2.12.20[0m
2025.01.31 22:31:53 INFO  no build target found for /home/mati/homelab/Scala/szkielet/src/main/scala/zad1.scala. Using presentation compiler with project's scala-library version: 2.12.20[0m
2025.01.31 22:31:53 INFO  no build target found for /home/mati/homelab/Scala/szkielet/src/main/scala/zad1.scala. Using presentation compiler with project's scala-library version: 2.12.20[0m
2025.01.31 22:31:54 INFO  no build target found for /home/mati/homelab/Scala/szkielet/src/main/scala/zad1.scala. Using presentation compiler with project's scala-library version: 2.12.20[0m
2025.01.31 22:31:54 INFO  no build target found for /home/mati/homelab/Scala/szkielet/src/main/scala/zad1.scala. Using presentation compiler with project's scala-library version: 2.12.20[0m
2025.01.31 22:31:54 INFO  no build target found for /home/mati/homelab/Scala/szkielet/src/main/scala/zad1.scala. Using presentation compiler with project's scala-library version: 2.12.20[0m
2025.01.31 22:31:54 INFO  no build target found for /home/mati/homelab/Scala/szkielet/src/main/scala/zad1.scala. Using presentation compiler with project's scala-library version: 2.12.20[0m
2025.01.31 22:31:56 INFO  no build target found for /home/mati/homelab/Scala/szkielet/src/main/scala/zad1.scala. Using presentation compiler with project's scala-library version: 2.12.20[0m
2025.01.31 22:31:56 INFO  no build target found for /home/mati/homelab/Scala/szkielet/src/main/scala/zad1.scala. Using presentation compiler with project's scala-library version: 2.12.20[0m
2025.01.31 22:31:56 INFO  no build target found for /home/mati/homelab/Scala/szkielet/src/main/scala/zad1.scala. Using presentation compiler with project's scala-library version: 2.12.20[0m
2025.01.31 22:31:56 INFO  no build target found for /home/mati/homelab/Scala/szkielet/src/main/scala/zad1.scala. Using presentation compiler with project's scala-library version: 2.12.20[0m
2025.01.31 22:31:56 INFO  no build target found for /home/mati/homelab/Scala/szkielet/src/main/scala/zad1.scala. Using presentation compiler with project's scala-library version: 2.12.20[0m
2025.01.31 22:31:58 INFO  no build target found for /home/mati/homelab/Scala/szkielet/src/main/scala/zad1.scala. Using presentation compiler with project's scala-library version: 2.12.20[0m
2025.01.31 22:31:58 INFO  no build target found for /home/mati/homelab/Scala/szkielet/src/main/scala/zad1.scala. Using presentation compiler with project's scala-library version: 2.12.20[0m
2025.01.31 22:31:59 INFO  no build target found for /home/mati/homelab/Scala/szkielet/src/main/scala/zad1.scala. Using presentation compiler with project's scala-library version: 2.12.20[0m
2025.01.31 22:31:59 INFO  no build target found for /home/mati/homelab/Scala/szkielet/src/main/scala/zad1.scala. Using presentation compiler with project's scala-library version: 2.12.20[0m
2025.01.31 22:32:01 INFO  no build target found for /home/mati/homelab/Scala/szkielet/src/main/scala/zad2.scala. Using presentation compiler with project's scala-library version: 2.12.20[0m
2025.01.31 22:32:01 INFO  no build target found for /home/mati/homelab/Scala/szkielet/src/main/scala/zad2.scala. Using presentation compiler with project's scala-library version: 2.12.20[0m
2025.01.31 22:32:01 INFO  no build target found for /home/mati/homelab/Scala/szkielet/src/main/scala/zad2.scala. Using presentation compiler with project's scala-library version: 2.12.20[0m
2025.01.31 22:32:01 INFO  no build target found for /home/mati/homelab/Scala/szkielet/src/main/scala/zad2.scala. Using presentation compiler with project's scala-library version: 2.12.20[0m
2025.01.31 22:32:01 INFO  no build target found for /home/mati/homelab/Scala/szkielet/src/main/scala/zad2.scala. Using presentation compiler with project's scala-library version: 2.12.20[0m
2025.01.31 22:33:06 INFO  no build target found for /home/mati/homelab/Scala/szkielet/src/main/scala/zad2.scala. Using presentation compiler with project's scala-library version: 2.12.20[0m
2025.01.31 22:33:07 INFO  no build target found for /home/mati/homelab/Scala/szkielet/src/main/scala/zad2.scala. Using presentation compiler with project's scala-library version: 2.12.20[0m
2025.01.31 22:33:06 INFO  no build target found for /home/mati/homelab/Scala/szkielet/src/main/scala/zad2.scala. Using presentation compiler with project's scala-library version: 2.12.20[0m
2025.01.31 22:33:06 INFO  no build target found for /home/mati/homelab/Scala/szkielet/src/main/scala/zad2.scala. Using presentation compiler with project's scala-library version: 2.12.20[0m
2025.01.31 22:33:10 INFO  no build target found for /home/mati/homelab/Scala/szkielet/src/main/scala/zad2.scala. Using presentation compiler with project's scala-library version: 2.12.20[0m
2025.01.31 22:33:10 INFO  no build target found for /home/mati/homelab/Scala/szkielet/src/main/scala/zad2.scala. Using presentation compiler with project's scala-library version: 2.12.20[0m
2025.01.31 22:33:12 INFO  no build target found for /home/mati/homelab/Scala/szkielet/src/main/scala/zad2.scala. Using presentation compiler with project's scala-library version: 2.12.20[0m
2025.01.31 22:33:12 INFO  no build target found for /home/mati/homelab/Scala/szkielet/src/main/scala/zad2.scala. Using presentation compiler with project's scala-library version: 2.12.20[0m
2025.01.31 22:33:12 INFO  no build target found for /home/mati/homelab/Scala/szkielet/src/main/scala/zad2.scala. Using presentation compiler with project's scala-library version: 2.12.20[0m
2025.01.31 22:33:13 INFO  no build target found for /home/mati/homelab/Scala/szkielet/src/main/scala/zad2.scala. Using presentation compiler with project's scala-library version: 2.12.20[0m
2025.01.31 22:33:13 INFO  no build target found for /home/mati/homelab/Scala/szkielet/src/main/scala/zad2.scala. Using presentation compiler with project's scala-library version: 2.12.20[0m
2025.01.31 22:33:15 INFO  no build target found for /home/mati/homelab/Scala/szkielet/src/main/scala/zad2.scala. Using presentation compiler with project's scala-library version: 2.12.20[0m
2025.01.31 22:33:15 INFO  no build target found for /home/mati/homelab/Scala/szkielet/src/main/scala/zad2.scala. Using presentation compiler with project's scala-library version: 2.12.20[0m
2025.01.31 22:33:16 INFO  no build target found for /home/mati/homelab/Scala/szkielet/src/main/scala/zad2.scala. Using presentation compiler with project's scala-library version: 2.12.20[0m
2025.01.31 22:33:20 INFO  no build target found for /home/mati/homelab/Scala/szkielet/src/main/scala/zad2.scala. Using presentation compiler with project's scala-library version: 2.12.20[0m
2025.01.31 22:33:20 INFO  no build target found for /home/mati/homelab/Scala/szkielet/src/main/scala/zad2.scala. Using presentation compiler with project's scala-library version: 2.12.20[0m
2025.01.31 22:33:20 INFO  no build target found for /home/mati/homelab/Scala/szkielet/src/main/scala/zad2.scala. Using presentation compiler with project's scala-library version: 2.12.20[0m
2025.01.31 22:33:20 INFO  no build target found for /home/mati/homelab/Scala/szkielet/src/main/scala/zad2.scala. Using presentation compiler with project's scala-library version: 2.12.20[0m
2025.01.31 22:33:22 INFO  no build target found for /home/mati/homelab/Scala/szkielet/src/main/scala/zad2.scala. Using presentation compiler with project's scala-library version: 2.12.20[0m
2025.01.31 22:33:25 INFO  no build target found for /home/mati/homelab/Scala/szkielet/src/main/scala/zad2.scala. Using presentation compiler with project's scala-library version: 2.12.20[0m
2025.01.31 22:33:25 INFO  no build target found for /home/mati/homelab/Scala/szkielet/src/main/scala/zad2.scala. Using presentation compiler with project's scala-library version: 2.12.20[0m
2025.01.31 22:33:25 INFO  no build target found for /home/mati/homelab/Scala/szkielet/src/main/scala/zad2.scala. Using presentation compiler with project's scala-library version: 2.12.20[0m
2025.01.31 22:33:25 INFO  no build target found for /home/mati/homelab/Scala/szkielet/src/main/scala/zad2.scala. Using presentation compiler with project's scala-library version: 2.12.20[0m
2025.01.31 22:33:25 INFO  no build target found for /home/mati/homelab/Scala/szkielet/src/main/scala/zad2.scala. Using presentation compiler with project's scala-library version: 2.12.20[0m
2025.01.31 22:33:25 INFO  no build target found for /home/mati/homelab/Scala/szkielet/src/main/scala/zad2.scala. Using presentation compiler with project's scala-library version: 2.12.20[0m
2025.01.31 22:33:26 INFO  no build target found for /home/mati/homelab/Scala/szkielet/src/main/scala/zad2.scala. Using presentation compiler with project's scala-library version: 2.12.20[0m
2025.01.31 22:33:26 INFO  no build target found for /home/mati/homelab/Scala/szkielet/src/main/scala/zad2.scala. Using presentation compiler with project's scala-library version: 2.12.20[0m
2025.01.31 22:33:29 INFO  no build target found for /home/mati/homelab/Scala/szkielet/src/main/scala/zad2.scala. Using presentation compiler with project's scala-library version: 2.12.20[0m
2025.01.31 22:33:29 INFO  no build target found for /home/mati/homelab/Scala/szkielet/src/main/scala/zad2.scala. Using presentation compiler with project's scala-library version: 2.12.20[0m
Jan 31, 2025 10:33:39 PM org.eclipse.lsp4j.jsonrpc.services.GenericEndpoint notify
WARNING: Unsupported notification method: metals/windowStateDidChange
Jan 31, 2025 10:33:52 PM org.eclipse.lsp4j.jsonrpc.services.GenericEndpoint notify
WARNING: Unsupported notification method: metals/windowStateDidChange
2025.01.31 22:33:52 INFO  no build target found for /home/mati/homelab/Scala/szkielet/src/main/scala/zad2.scala. Using presentation compiler with project's scala-library version: 2.12.20[0m
Jan 31, 2025 10:33:55 PM org.eclipse.lsp4j.jsonrpc.services.GenericEndpoint notify
WARNING: Unsupported notification method: metals/windowStateDidChange
Jan 31, 2025 10:35:02 PM org.eclipse.lsp4j.jsonrpc.services.GenericEndpoint notify
WARNING: Unsupported notification method: metals/windowStateDidChange
Jan 31, 2025 11:50:42 PM org.eclipse.lsp4j.jsonrpc.services.GenericEndpoint notify
WARNING: Unsupported notification method: metals/windowStateDidChange
2025.01.31 23:50:42 INFO  no build target found for /home/mati/homelab/Scala/szkielet/src/main/scala/zad2.scala. Using presentation compiler with project's scala-library version: 2.12.20[0m
2025.01.31 23:50:42 INFO  no build target found for /home/mati/homelab/Scala/szkielet/src/main/scala/zad2.scala. Using presentation compiler with project's scala-library version: 2.12.20[0m
Jan 31, 2025 11:50:43 PM org.eclipse.lsp4j.jsonrpc.services.GenericEndpoint notify
WARNING: Unsupported notification method: metals/windowStateDidChange
2025.01.31 23:50:49 INFO  Shutting down server[0m
2025.01.31 23:50:49 INFO  shutting down Metals[0m
2025.01.31 23:50:49 INFO  Shut down connection with build server.[0m
2025.01.31 23:50:49 INFO  Exiting server[0m
