[0m[[0m[0mdebug[0m] [0m[0m> Exec(run, Some(39774e59-d995-4197-b220-d726c010d5c2), Some(CommandSource(console0)))[0m
[0m[[0m[0mdebug[0m] [0m[0mEvaluating tasks: Compile / run[0m
[0m[[0m[0mdebug[0m] [0m[0mRunning task... Cancel: Signal, check cycles: false, forcegc: true[0m
[0m[[0m[0minfo[0m] [0m[0mcompiling 1 Scala source to /home/mati/homelab/Scala/lab07/target/scala-3.3.1/classes ...[0m
[0m[[0m[31merror[0m] [0m[0mjava.lang.IndexOutOfBoundsException: -1[0m
[0m[[0m[31merror[0m] [0m[0m	at scala.collection.LinearSeqOps.apply(LinearSeq.scala:129)[0m
[0m[[0m[31merror[0m] [0m[0m	at scala.collection.LinearSeqOps.apply$(LinearSeq.scala:128)[0m
[0m[[0m[31merror[0m] [0m[0m	at scala.collection.immutable.List.apply(List.scala:79)[0m
[0m[[0m[31merror[0m] [0m[0m	at Zad4$package$.$anonfun$2(Zad4.scala:50)[0m
[0m[[0m[31merror[0m] [0m[0m	at scala.collection.IterableOps.$anonfun$groupMap$1(Iterable.scala:596)[0m
[0m[[0m[31merror[0m] [0m[0m	at scala.collection.immutable.List.foreach(List.scala:333)[0m
[0m[[0m[31merror[0m] [0m[0m	at scala.collection.IterableOps.groupMap(Iterable.scala:595)[0m
[0m[[0m[31merror[0m] [0m[0m	at scala.collection.IterableOps.groupMap$(Iterable.scala:593)[0m
[0m[[0m[31merror[0m] [0m[0m	at scala.collection.AbstractIterable.groupMap(Iterable.scala:933)[0m
[0m[[0m[31merror[0m] [0m[0m	at Zad4$package$.zad4(Zad4.scala:50)[0m
[0m[[0m[31merror[0m] [0m[0m	at zad4.main(Zad4.scala:1)[0m
[0m[[0m[31merror[0m] [0m[0m	at java.base/jdk.internal.reflect.DirectMethodHandleAccessor.invoke(DirectMethodHandleAccessor.java:103)[0m
[0m[[0m[31merror[0m] [0m[0m	at java.base/java.lang.reflect.Method.invoke(Method.java:580)[0m
[0m[[0m[31merror[0m] [0m[0m	at sbt.Run.invokeMain(Run.scala:144)[0m
[0m[[0m[31merror[0m] [0m[0m	at sbt.Run.execute$1(Run.scala:94)[0m
[0m[[0m[31merror[0m] [0m[0m	at sbt.Run.$anonfun$runWithLoader$5(Run.scala:121)[0m
[0m[[0m[31merror[0m] [0m[0m	at sbt.Run$.executeSuccess(Run.scala:187)[0m
[0m[[0m[31merror[0m] [0m[0m	at sbt.Run.runWithLoader(Run.scala:121)[0m
[0m[[0m[31merror[0m] [0m[0m	at sbt.Defaults$.$anonfun$bgRunTask$6(Defaults.scala:1988)[0m
[0m[[0m[31merror[0m] [0m[0m	at sbt.Defaults$.$anonfun$termWrapper$2(Defaults.scala:1927)[0m
[0m[[0m[31merror[0m] [0m[0m	at scala.runtime.java8.JFunction0$mcV$sp.apply(JFunction0$mcV$sp.java:23)[0m
[0m[[0m[31merror[0m] [0m[0m	at scala.util.Try$.apply(Try.scala:213)[0m
[0m[[0m[31merror[0m] [0m[0m	at sbt.internal.BackgroundThreadPool$BackgroundRunnable.run(DefaultBackgroundJobService.scala:367)[0m
[0m[[0m[31merror[0m] [0m[0m	at java.base/java.util.concurrent.ThreadPoolExecutor.runWorker(ThreadPoolExecutor.java:1144)[0m
[0m[[0m[31merror[0m] [0m[0m	at java.base/java.util.concurrent.ThreadPoolExecutor$Worker.run(ThreadPoolExecutor.java:642)[0m
[0m[[0m[31merror[0m] [0m[0m	at java.base/java.lang.Thread.run(Thread.java:1583)[0m
[0m[[0m[31merror[0m] [0m[0m(Compile / [31mrun[0m) java.lang.IndexOutOfBoundsException: -1[0m
[0m[[0m[31merror[0m] [0m[0mTotal time: 1 s, completed Nov 25, 2024, 1:10:54 AM[0m
[0m[[0m[0mdebug[0m] [0m[0m> Exec(shell, None, None)[0m
